<?xml version="1.0" encoding="UTF-8"?>
<!-- Generated by org.testng.reporters.JUnitXMLReporter -->
<testsuite hostname="LT104209" name="AFL_VerifyWidgets-Run1" tests="2" failures="0" timestamp="20 Mar 2019 11:19:23 GMT" time="14360.803" errors="0">
  <testcase name="AFL_VerifyWidgets" time="14130.61" classname="com.mop.qa.test.bvt.Test_AFL_Native_App"/>
  <testcase name="AFL_Verify_Completed_Match" time="5.805" classname="com.mop.qa.test.bvt.Test_AFL_Native_App"/>
</testsuite> <!-- AFL_VerifyWidgets-Run1 -->
