<?xml version="1.0" encoding="UTF-8"?>
<!-- Generated by org.testng.reporters.JUnitXMLReporter -->
<testsuite hostname="LT104209" name="AFL_Test_TeamStats-Run1" tests="3" failures="0" timestamp="27 Mar 2019 06:01:58 GMT" time="305.072" errors="0">
  <testcase name="AFL_Test_TeamMatchUps" time="0.001" classname="com.mop.qa.test.regression.AFL_NativeApp_RegTests"/>
  <testcase name="AFL_Test_TeamStats" time="0.001" classname="com.mop.qa.test.regression.AFL_NativeApp_RegTests"/>
  <testcase name="AFL_Test_VideoCategories" time="0.003" classname="com.mop.qa.test.regression.AFL_NativeApp_RegTests"/>
</testsuite> <!-- AFL_Test_TeamStats-Run1 -->
