<?xml version="1.0" encoding="UTF-8"?>
<!-- Generated by org.testng.reporters.JUnitXMLReporter -->
<testsuite hostname="LT104209" name="AFL_Subscription_Login-Run1" tests="2" failures="0" timestamp="2 Apr 2019 06:24:15 GMT" time="25.086" errors="0">
  <testcase name="AFL_Subscription_Login" time="0.405" classname="com.mop.qa.test.bvt.Test_AFL_Native_App"/>
  <testcase name="AFL_Test_TeamStats" time="0.001" classname="com.mop.qa.test.bvt.Test_AFL_Native_App"/>
</testsuite> <!-- AFL_Subscription_Login-Run1 -->
