<?xml version="1.0" encoding="UTF-8"?>
<!-- Generated by org.testng.reporters.JUnitXMLReporter -->
<testsuite hostname="LTIN120615" name="Change_Password_in_MyAccount_and_login_TestApplication_Test-Run1" tests="1" failures="0" timestamp="7 Feb 2020 11:03:51 GMT" time="4.526" errors="0">
  <testcase name="S5" time="0.074" classname="com.mop.qa.test.bvt.Change_Password_in_MyAccount_and_login_TestApplication_Test"/>
</testsuite> <!-- Change_Password_in_MyAccount_and_login_TestApplication_Test-Run1 -->
