<?xml version="1.0" encoding="UTF-8"?>
<!-- Generated by org.testng.reporters.JUnitXMLReporter -->
<testsuite hostname="PC333975" ignored="0" name="Test_CNN_PC-Run1" tests="1" failures="1" timestamp="29 Aug 2018 05:26:27 GMT" time="52.571" errors="0">
  <testcase name="VideoAuto_PC" time="41.112" classname="com.mop.qa.test.bvt.Test_CNN_PC">
    <failure type="java.lang.UnsatisfiedLinkError" message="org.opencv.imgcodecs.Imgcodecs.imread_0(Ljava/lang/String;I)J">
      <![CDATA[java.lang.UnsatisfiedLinkError: org.opencv.imgcodecs.Imgcodecs.imread_0(Ljava/lang/String;I)J
at org.opencv.imgcodecs.Imgcodecs.imread_0(Native Method)
at org.opencv.imgcodecs.Imgcodecs.imread(Imgcodecs.java:109)
at com.mop.qa.pageobject.CnngoPage_Web_Mobile.adValidation_PC(CnngoPage_Web_Mobile.java:122)
at com.mop.qa.test.bvt.Test_CNN_PC.VideoAuto_PC(Test_CNN_PC.java:19)
at com.mop.qa.testrunner.TestRunner.testRun(TestRunner.java:166)
... Removed 47 stack frames]]>
    </failure>
  </testcase> <!-- VideoAuto_PC -->
</testsuite> <!-- Test_CNN_PC-Run1 -->
